0 info it worked if it ends with ok
1 verbose cli [ '/usr/bin/node',
1 verbose cli   '/usr/share/npm/bin/npm-cli.js',
1 verbose cli   'run',
1 verbose cli   'build',
1 verbose cli   '--scripts-prepend-node-path=auto' ]
2 info using npm@3.5.2
3 info using node@v4.2.6
4 verbose run-script [ 'prebuild', 'build', 'postbuild' ]
5 info lifecycle webpack-test@1.0.0~prebuild: webpack-test@1.0.0
6 verbose lifecycle webpack-test@1.0.0~prebuild: unsafe-perm in lifecycle true
7 verbose lifecycle webpack-test@1.0.0~prebuild: PATH: /usr/share/npm/bin/node-gyp-bin:/home/ngautam/git/personal/webpack-test/node_modules/.bin:/home/ngautam/bin:/home/ngautam/.local/bin:/usr/local/sbin:/usr/local/bin:/usr/sbin:/usr/bin:/sbin:/bin:/usr/games:/usr/local/games:/snap/bin
8 verbose lifecycle webpack-test@1.0.0~prebuild: CWD: /home/ngautam/git/personal/webpack-test
9 silly lifecycle webpack-test@1.0.0~prebuild: Args: [ '-c', 'rm -Rf build/public' ]
10 silly lifecycle webpack-test@1.0.0~prebuild: Returned: code: 0  signal: null
11 info lifecycle webpack-test@1.0.0~build: webpack-test@1.0.0
12 verbose lifecycle webpack-test@1.0.0~build: unsafe-perm in lifecycle true
13 verbose lifecycle webpack-test@1.0.0~build: PATH: /usr/share/npm/bin/node-gyp-bin:/home/ngautam/git/personal/webpack-test/node_modules/.bin:/home/ngautam/bin:/home/ngautam/.local/bin:/usr/local/sbin:/usr/local/bin:/usr/sbin:/usr/bin:/sbin:/bin:/usr/games:/usr/local/games:/snap/bin
14 verbose lifecycle webpack-test@1.0.0~build: CWD: /home/ngautam/git/personal/webpack-test
15 silly lifecycle webpack-test@1.0.0~build: Args: [ '-c', 'webpack --config webpack/prod.ts' ]
16 silly lifecycle webpack-test@1.0.0~build: Returned: code: 1  signal: null
17 info lifecycle webpack-test@1.0.0~build: Failed to exec build script
18 verbose stack Error: webpack-test@1.0.0 build: `webpack --config webpack/prod.ts`
18 verbose stack Exit status 1
18 verbose stack     at EventEmitter.<anonymous> (/usr/share/npm/lib/utils/lifecycle.js:232:16)
18 verbose stack     at emitTwo (events.js:87:13)
18 verbose stack     at EventEmitter.emit (events.js:172:7)
18 verbose stack     at ChildProcess.<anonymous> (/usr/share/npm/lib/utils/spawn.js:24:14)
18 verbose stack     at emitTwo (events.js:87:13)
18 verbose stack     at ChildProcess.emit (events.js:172:7)
18 verbose stack     at maybeClose (internal/child_process.js:821:16)
18 verbose stack     at Process.ChildProcess._handle.onexit (internal/child_process.js:211:5)
19 verbose pkgid webpack-test@1.0.0
20 verbose cwd /home/ngautam/git/personal/webpack-test
21 error Linux 4.15.0-46-generic
22 error argv "/usr/bin/node" "/usr/share/npm/bin/npm-cli.js" "run" "build" "--scripts-prepend-node-path=auto"
23 error node v4.2.6
24 error npm  v3.5.2
25 error code ELIFECYCLE
26 error webpack-test@1.0.0 build: `webpack --config webpack/prod.ts`
26 error Exit status 1
27 error Failed at the webpack-test@1.0.0 build script 'webpack --config webpack/prod.ts'.
27 error Make sure you have the latest version of node.js and npm installed.
27 error If you do, this is most likely a problem with the webpack-test package,
27 error not with npm itself.
27 error Tell the author that this fails on your system:
27 error     webpack --config webpack/prod.ts
27 error You can get information on how to open an issue for this project with:
27 error     npm bugs webpack-test
27 error Or if that isn't available, you can get their info via:
27 error     npm owner ls webpack-test
27 error There is likely additional logging output above.
28 verbose exit [ 1, true ]
